Wed Jul 18 14:58:22 2018:  wxl用户添加成功！
Sun Jul 29 16:52:16 2018:  恭喜您，取现 500 元成功!
您当前用户的剩余额度为：19500元
Mon Jul 30 16:12:57 2018:  恭喜wxl，取现 400 元成功!
您当前用户的剩余额度为：19100元
Mon Jul 30 16:40:23 2018:  

恭喜wxl，还款 555 元成功!
您当前用户的剩余额度为：19655元



Mon Jul 30 16:44:09 2018:  

恭喜wxl，取现 800 元成功!
您当前用户的剩余额度为：18855元



Mon Jul 30 16:48:33 2018:  mingming用户添加成功！
Mon Jul 30 18:20:56 2018:  

wxl用户成功向mingming用户转账1000元，当前额度为17855
Mon Jul 30 18:20:56 2018:  wxl用户成功向您的账户mingming转账1000元
Sun Aug  5 23:24:33 2018:  

恭喜你,成功支付1000元！
Sun Aug  5 23:36:00 2018:  

恭喜你,成功支付200元！
Sun Aug  5 23:38:18 2018:  

恭喜你,成功支付1500元！
Sun Aug  5 23:53:47 2018:  

恭喜你,成功支付400元！
Sun Aug  5 23:57:12 2018:  

恭喜你,成功支付5000元！
